E:\TEST\LOTTERY\DEBUG\LOTTERY.EXE
E:\TEST\LOTTERY\DEBUG\LOTTERY.ILK
E:\TEST\LOTTERY\DEBUG\LOTTERY.PDB
E:\TEST\lottery\lottery\Debug\cl.command.1.tlog
E:\TEST\lottery\lottery\Debug\CL.read.1.tlog
E:\TEST\lottery\lottery\Debug\CL.write.1.tlog
E:\TEST\lottery\lottery\Debug\link.command.1.tlog
E:\TEST\lottery\lottery\Debug\link.read.1.tlog
E:\TEST\lottery\lottery\Debug\link.write.1.tlog
E:\TEST\lottery\lottery\Debug\link-cvtres.read.1.tlog
E:\TEST\lottery\lottery\Debug\link-cvtres.write.1.tlog
E:\TEST\LOTTERY\LOTTERY\DEBUG\LOTTERY.EXE.EMBED.MANIFEST
E:\TEST\LOTTERY\LOTTERY\DEBUG\LOTTERY.EXE.EMBED.MANIFEST.RES
E:\TEST\LOTTERY\LOTTERY\DEBUG\LOTTERY.EXE.INTERMEDIATE.MANIFEST
E:\TEST\LOTTERY\LOTTERY\DEBUG\LOTTERY.OBJ
E:\TEST\LOTTERY\LOTTERY\DEBUG\LOTTERY.PCH
E:\TEST\LOTTERY\LOTTERY\DEBUG\LOTTERY.RES
E:\TEST\lottery\lottery\Debug\lottery.write.1.tlog
E:\TEST\lottery\lottery\Debug\lottery_manifest.rc
E:\TEST\LOTTERY\LOTTERY\DEBUG\LOTTERYDLG.OBJ
E:\TEST\lottery\lottery\Debug\mt.command.1.tlog
E:\TEST\lottery\lottery\Debug\mt.read.1.tlog
E:\TEST\lottery\lottery\Debug\mt.write.1.tlog
E:\TEST\lottery\lottery\Debug\rc.command.1.tlog
E:\TEST\lottery\lottery\Debug\rc.read.1.tlog
E:\TEST\lottery\lottery\Debug\rc.write.1.tlog
E:\TEST\LOTTERY\LOTTERY\DEBUG\STDAFX.OBJ
E:\TEST\lottery\lottery\Debug\vc100.idb
E:\TEST\LOTTERY\LOTTERY\DEBUG\VC100.PDB
